Determining if the pthread_create exist failed with the following output:
Change Dir: /home/sdrwcs/ROS_Projects/ur_modern_driver_Thomas/build/CMakeFiles/CMakeTmp

Run Build Command:"/usr/bin/make" "cmTC_a2dae/fast"
/usr/bin/make -f CMakeFiles/cmTC_a2dae.dir/build.make CMakeFiles/cmTC_a2dae.dir/build
make[1]: Entering directory '/home/sdrwcs/ROS_Projects/ur_modern_driver_Thomas/build/CMakeFiles/CMakeTmp'
Building C object CMakeFiles/cmTC_a2dae.dir/CheckSymbolExists.c.o
/usr/bin/cc     -o CMakeFiles/cmTC_a2dae.dir/CheckSymbolExists.c.o   -c /home/sdrwcs/ROS_Projects/ur_modern_driver_Thomas/build/CMakeFiles/CMakeTmp/CheckSymbolExists.c
Linking C executable cmTC_a2dae
/usr/bin/cmake -E cmake_link_script CMakeFiles/cmTC_a2dae.dir/link.txt --verbose=1
/usr/bin/cc       CMakeFiles/cmTC_a2dae.dir/CheckSymbolExists.c.o  -o cmTC_a2dae -rdynamic 
CMakeFiles/cmTC_a2dae.dir/CheckSymbolExists.c.o: In function `main':
CheckSymbolExists.c:(.text+0x16): undefined reference to `pthread_create'
collect2: error: ld returned 1 exit status
CMakeFiles/cmTC_a2dae.dir/build.make:97: recipe for target 'cmTC_a2dae' failed
make[1]: *** [cmTC_a2dae] Error 1
make[1]: Leaving directory '/home/sdrwcs/ROS_Projects/ur_modern_driver_Thomas/build/CMakeFiles/CMakeTmp'
Makefile:126: recipe for target 'cmTC_a2dae/fast' failed
make: *** [cmTC_a2dae/fast] Error 2

File /home/sdrwcs/ROS_Projects/ur_modern_driver_Thomas/build/CMakeFiles/CMakeTmp/CheckSymbolExists.c:
/* */
#include <pthread.h>

int main(int argc, char** argv)
{
  (void)argv;
#ifndef pthread_create
  return ((int*)(&pthread_create))[argc];
#else
  (void)argc;
  return 0;
#endif
}

Determining if the function pthread_create exists in the pthreads failed with the following output:
Change Dir: /home/sdrwcs/ROS_Projects/ur_modern_driver_Thomas/build/CMakeFiles/CMakeTmp

Run Build Command:"/usr/bin/make" "cmTC_9295f/fast"
/usr/bin/make -f CMakeFiles/cmTC_9295f.dir/build.make CMakeFiles/cmTC_9295f.dir/build
make[1]: Entering directory '/home/sdrwcs/ROS_Projects/ur_modern_driver_Thomas/build/CMakeFiles/CMakeTmp'
Building C object CMakeFiles/cmTC_9295f.dir/CheckFunctionExists.c.o
/usr/bin/cc    -DCHECK_FUNCTION_EXISTS=pthread_create   -o CMakeFiles/cmTC_9295f.dir/CheckFunctionExists.c.o   -c /usr/share/cmake-3.5/Modules/CheckFunctionExists.c
Linking C executable cmTC_9295f
/usr/bin/cmake -E cmake_link_script CMakeFiles/cmTC_9295f.dir/link.txt --verbose=1
/usr/bin/cc   -DCHECK_FUNCTION_EXISTS=pthread_create    CMakeFiles/cmTC_9295f.dir/CheckFunctionExists.c.o  -o cmTC_9295f -rdynamic -lpthreads 
/usr/bin/ld: cannot find -lpthreads
collect2: error: ld returned 1 exit status
CMakeFiles/cmTC_9295f.dir/build.make:97: recipe for target 'cmTC_9295f' failed
make[1]: *** [cmTC_9295f] Error 1
make[1]: Leaving directory '/home/sdrwcs/ROS_Projects/ur_modern_driver_Thomas/build/CMakeFiles/CMakeTmp'
Makefile:126: recipe for target 'cmTC_9295f/fast' failed
make: *** [cmTC_9295f/fast] Error 2


